Inspecting 2 files
CW

Offenses:

Gemfile:1:1: C: [Correctable] Style/FrozenStringLiteralComment: Missing frozen string literal comment.
source 'https://rubygems.org'
^
Gemfile:5:1: C: [Correctable] Bundler/OrderedGems: Gems should be sorted in an alphabetical order within their section of the Gemfile. Gem pg should appear before tty-prompt.
gem 'pg'
^^^^^^^^
Gemfile:7:1: C: [Correctable] Bundler/OrderedGems: Gems should be sorted in an alphabetical order within their section of the Gemfile. Gem fileutils should appear before securerandom.
gem 'fileutils'
^^^^^^^^^^^^^^^
Gemfile:8:1: C: [Correctable] Bundler/OrderedGems: Gems should be sorted in an alphabetical order within their section of the Gemfile. Gem erb should appear before fileutils.
gem 'erb'
^^^^^^^^^
Gemfile:12:3: C: [Correctable] Bundler/OrderedGems: Gems should be sorted in an alphabetical order within their section of the Gemfile. Gem bundler-audit should appear before rubocop.
  gem 'bundler-audit', require: false
  ^^^^^^^^^^^^^^^^^^^^^^^^^^^^^^^^^^^
Gemfile:15:1: C: [Correctable] Layout/TrailingEmptyLines: 1 trailing blank lines detected.
generate_qa_env.rb:1:1: C: [Correctable] Style/FrozenStringLiteralComment: Missing frozen string literal comment.
#!/usr/bin/env ruby
^
generate_qa_env.rb:9:1: C: Metrics/ClassLength: Class has too many lines. [114/100]
class CampusCreator ...
^^^^^^^^^^^^^^^^^^^
generate_qa_env.rb:9:1: C: Style/Documentation: Missing top-level documentation comment for class CampusCreator.
class CampusCreator
^^^^^^^^^^^^^^^^^^^
generate_qa_env.rb:10:3: C: [Correctable] Style/AccessorGrouping: Group together all attr_accessor attributes.
  attr_accessor :db_host, :ams_db_name, :db_user, :db_password, :prompt, :corp
  ^^^^^^^^^^^^^^^^^^^^^^^^^^^^^^^^^^^^^^^^^^^^^^^^^^^^^^^^^^^^^^^^^^^^^^^^^^^^
generate_qa_env.rb:10:51: C: [Correctable] Layout/LineLength: Line is too long. [78/50]
  attr_accessor :db_host, :ams_db_name, :db_user, :db_password, :prompt, :corp
                                                  ^^^^^^^^^^^^^^^^^^^^^^^^^^^^
generate_qa_env.rb:11:3: C: [Correctable] Style/AccessorGrouping: Group together all attr_accessor attributes.
  attr_accessor :conn, :url_postfix
  ^^^^^^^^^^^^^^^^^^^^^^^^^^^^^^^^^
generate_qa_env.rb:12:3: C: [Correctable] Style/AccessorGrouping: Group together all attr_accessor attributes.
  attr_accessor :campus_lower, :campus_upper
  ^^^^^^^^^^^^^^^^^^^^^^^^^^^^^^^^^^^^^^^^^^
generate_qa_env.rb:13:3: C: [Correctable] Style/AccessorGrouping: Group together all attr_accessor attributes.
  attr_accessor :template_db, :user_type
  ^^^^^^^^^^^^^^^^^^^^^^^^^^^^^^^^^^^^^^
generate_qa_env.rb:16:51: C: Layout/LineLength: Line is too long. [75/50]
    @db_host = 'masterk-pnc-db.cwisbi42xice.eu-central-1.rds.amazonaws.com'
                                                  ^^^^^^^^^^^^^^^^^^^^^^^^^
generate_qa_env.rb:22:51: C: Layout/LineLength: Line is too long. [99/50]
    # @conn = PG.connect( dbname: ams_db_name, host: db_host, user: db_user, password: db_password)
                                                  ^^^^^^^^^^^^^^^^^^^^^^^^^^^^^^^^^^^^^^^^^^^^^^^^^
generate_qa_env.rb:26:10: C: [Correctable] Style/StringLiterals: Prefer single-quoted strings when you don't need string interpolation or special symbols.
    puts "This script helps you configure a new YMS running on the k8s cluster"
         ^^^^^^^^^^^^^^^^^^^^^^^^^^^^^^^^^^^^^^^^^^^^^^^^^^^^^^^^^^^^^^^^^^^^^^
generate_qa_env.rb:26:51: C: Layout/LineLength: Line is too long. [79/50]
    puts "This script helps you configure a new YMS running on the k8s cluster"
                                                  ^^^^^^^^^^^^^^^^^^^^^^^^^^^^^
generate_qa_env.rb:30:7: C: Naming/AccessorMethodName: Do not prefix reader method names with get_.
  def get_yms_branch_name
      ^^^^^^^^^^^^^^^^^^^
generate_qa_env.rb:31:30: C: [Correctable] Style/StringLiterals: Prefer single-quoted strings when you don't need string interpolation or special symbols.
    branch_name = prompt.ask "what is the name of the branch you want to test?" do |q|
                             ^^^^^^^^^^^^^^^^^^^^^^^^^^^^^^^^^^^^^^^^^^^^^^^^^^
generate_qa_env.rb:31:51: C: Layout/LineLength: Line is too long. [86/50]
    branch_name = prompt.ask "what is the name of the branch you want to test?" do |q|
                                                  ^^^^^^^^^^^^^^^^^^^^^^^^^^^^^^^^^^^^
generate_qa_env.rb:38:7: C: Naming/AccessorMethodName: Do not prefix reader method names with get_.
  def get_template_name
      ^^^^^^^^^^^^^^^^^
generate_qa_env.rb:39:34: C: [Correctable] Style/StringLiterals: Prefer single-quoted strings when you don't need string interpolation or special symbols.
    @template_db = prompt.select("Choose your template", %w(abs-por kft-win nke-el1 win-r61 ))
                                 ^^^^^^^^^^^^^^^^^^^^^^
generate_qa_env.rb:39:51: C: [Correctable] Layout/LineLength: Line is too long. [94/50]
    @template_db = prompt.select("Choose your template", %w(abs-por kft-win nke-el1 win-r61 ))
                                                  ^^^^^^^^^^^^^^^^^^^^^^^^^^^^^^^^^^^^^^^^^^^^
generate_qa_env.rb:39:58: C: [Correctable] Style/PercentLiteralDelimiters: %w-literals should be delimited by [ and ].
    @template_db = prompt.select("Choose your template", %w(abs-por kft-win nke-el1 win-r61 ))
                                                         ^^^^^^^^^^^^^^^^^^^^^^^^^^^^^^^^^^^^
generate_qa_env.rb:39:92: C: [Correctable] Layout/SpaceInsidePercentLiteralDelimiters: Do not use spaces inside percent literal delimiters.
    @template_db = prompt.select("Choose your template", %w(abs-por kft-win nke-el1 win-r61 ))
                                                                                           ^
generate_qa_env.rb:44:3: C: Metrics/MethodLength: Method has too many lines. [19/10]
  def get_user_type_name ...
  ^^^^^^^^^^^^^^^^^^^^^^
generate_qa_env.rb:44:7: C: Naming/AccessorMethodName: Do not prefix reader method names with get_.
  def get_user_type_name
      ^^^^^^^^^^^^^^^^^^
generate_qa_env.rb:46:5: C: [Correctable] Layout/FirstArrayElementIndentation: Use 2 spaces for indentation in an array, relative to the start of the line where the left square bracket is.
    "Guest",
    ^^^^^^^
generate_qa_env.rb:46:5: C: [Correctable] Style/StringLiterals: Prefer single-quoted strings when you don't need string interpolation or special symbols.
    "Guest",
    ^^^^^^^
generate_qa_env.rb:47:5: C: [Correctable] Style/StringLiterals: Prefer single-quoted strings when you don't need string interpolation or special symbols.
    "Information Only",
    ^^^^^^^^^^^^^^^^^^
generate_qa_env.rb:48:5: C: [Correctable] Style/StringLiterals: Prefer single-quoted strings when you don't need string interpolation or special symbols.
    "Gatekeeper",
    ^^^^^^^^^^^^
generate_qa_env.rb:49:5: C: [Correctable] Style/StringLiterals: Prefer single-quoted strings when you don't need string interpolation or special symbols.
    "Supervisor",
    ^^^^^^^^^^^^
generate_qa_env.rb:50:5: C: [Correctable] Style/StringLiterals: Prefer single-quoted strings when you don't need string interpolation or special symbols.
    "System Administrator",
    ^^^^^^^^^^^^^^^^^^^^^^
generate_qa_env.rb:51:5: C: [Correctable] Style/StringLiterals: Prefer single-quoted strings when you don't need string interpolation or special symbols.
    "Root",
    ^^^^^^
generate_qa_env.rb:52:5: C: [Correctable] Style/StringLiterals: Prefer single-quoted strings when you don't need string interpolation or special symbols.
    "Site Admin",
    ^^^^^^^^^^^^
generate_qa_env.rb:53:5: C: [Correctable] Style/StringLiterals: Prefer single-quoted strings when you don't need string interpolation or special symbols.
    "Driver",
    ^^^^^^^^
generate_qa_env.rb:54:5: C: [Correctable] Style/StringLiterals: Prefer single-quoted strings when you don't need string interpolation or special symbols.
    "Specialist",
    ^^^^^^^^^^^^
generate_qa_env.rb:55:5: C: [Correctable] Style/StringLiterals: Prefer single-quoted strings when you don't need string interpolation or special symbols.
    "Standard",
    ^^^^^^^^^^
generate_qa_env.rb:56:5: C: [Correctable] Style/StringLiterals: Prefer single-quoted strings when you don't need string interpolation or special symbols.
    "Shipping/Receiving",
    ^^^^^^^^^^^^^^^^^^^^
generate_qa_env.rb:57:5: C: [Correctable] Style/StringLiterals: Prefer single-quoted strings when you don't need string interpolation or special symbols.
    "Kiosk",
    ^^^^^^^
generate_qa_env.rb:58:5: C: [Correctable] Style/StringLiterals: Prefer single-quoted strings when you don't need string interpolation or special symbols.
    "Customer",
    ^^^^^^^^^^
generate_qa_env.rb:59:5: C: [Correctable] Style/StringLiterals: Prefer single-quoted strings when you don't need string interpolation or special symbols.
    "Logistics Admin",
    ^^^^^^^^^^^^^^^^^
generate_qa_env.rb:59:22: C: [Correctable] Style/TrailingCommaInArrayLiteral: Avoid comma after the last item of an array.
    "Logistics Admin",
                     ^
generate_qa_env.rb:61:32: C: [Correctable] Style/StringLiterals: Prefer single-quoted strings when you don't need string interpolation or special symbols.
    @user_type = prompt.select("Choose your template", user_types)
                               ^^^^^^^^^^^^^^^^^^^^^^
generate_qa_env.rb:61:51: C: [Correctable] Layout/LineLength: Line is too long. [66/50]
    @user_type = prompt.select("Choose your template", user_types)
                                                  ^^^^^^^^^^^^^^^^
generate_qa_env.rb:68:51: C: Layout/LineLength: Line is too long. [53/50]
    extension = SecureRandom.alphanumeric(3).downcase
                                                  ^^^
generate_qa_env.rb:69:5: W: [Correctable] Lint/UselessAssignment: Useless assignment to variable - campus_code.
    campus_code = "#{corp_code}#{extension}"
    ^^^^^^^^^^^
generate_qa_env.rb:70:51: C: Layout/LineLength: Line is too long. [65/50]
    @campus_lower = "#{corp_code.downcase}-#{extension.downcase}"
                                                  ^^^^^^^^^^^^^^^
generate_qa_env.rb:71:51: C: Layout/LineLength: Line is too long. [60/50]
    @campus_upper = "#{corp_code.upcase}#{extension.upcase}"
                                                  ^^^^^^^^^^
generate_qa_env.rb:75:51: C: Layout/LineLength: Line is too long. [51/50]
  # If you want to undo this, use the following SQL
                                                  ^
generate_qa_env.rb:76:51: C: Layout/LineLength: Line is too long. [109/50]
  # ams=> delete from user_campus_settings where campus_id = (select id from campuses where code = 'PNCBAT');
                                                  ^^^^^^^^^^^^^^^^^^^^^^^^^^^^^^^^^^^^^^^^^^^^^^^^^^^^^^^^^^^
generate_qa_env.rb:77:51: C: Layout/LineLength: Line is too long. [53/50]
  # ams=> delete from campuses where code = 'PNCBAT';
                                                  ^^^
generate_qa_env.rb:79:3: C: Metrics/MethodLength: Method has too many lines. [14/10]
  def create_ams_sql ...
  ^^^^^^^^^^^^^^^^^^
generate_qa_env.rb:81:11: C: [Correctable] Style/BarePercentLiterals: Use % instead of %Q.
    sql = %Q| insert into campuses
          ^^^
generate_qa_env.rb:81:11: C: [Correctable] Style/RedundantPercentQ: Use %Q only for strings that contain both single quotes and double quotes, or for dynamic strings that contain double quotes.
    sql = %Q| insert into campuses ...
          ^^^^^^^^^^^^^^^^^^^^^^^^
generate_qa_env.rb:82:51: C: Layout/LineLength: Line is too long. [91/50]
        (name, code, url_address, active, created_at, updated_at, corporation_id, has_pinc)
                                                  ^^^^^^^^^^^^^^^^^^^^^^^^^^^^^^^^^^^^^^^^^
generate_qa_env.rb:84:51: C: Layout/LineLength: Line is too long. [99/50]
       ('#{campus_lower}', '#{campus_upper}', '#{url}', true, now(), now(), '#{corp['id']}', true);
                                                  ^^^^^^^^^^^^^^^^^^^^^^^^^^^^^^^^^^^^^^^^^^^^^^^^^
generate_qa_env.rb:87:5: W: [Correctable] Lint/UselessAssignment: Useless assignment to variable - res.
    res = conn.exec( sql )
    ^^^
generate_qa_env.rb:87:21: C: [Correctable] Layout/SpaceInsideParens: Space inside parentheses detected.
    res = conn.exec( sql )
                    ^
generate_qa_env.rb:87:25: C: [Correctable] Layout/SpaceInsideParens: Space inside parentheses detected.
    res = conn.exec( sql )
                        ^
generate_qa_env.rb:90:11: C: [Correctable] Style/BarePercentLiterals: Use % instead of %Q.
    sql = %Q| insert into user_campus_settings
          ^^^
generate_qa_env.rb:90:11: C: [Correctable] Style/RedundantPercentQ: Use %Q only for strings that contain both single quotes and double quotes, or for dynamic strings that contain double quotes.
    sql = %Q| insert into user_campus_settings ...
          ^^^^^^^^^^^^^^^^^^^^^^^^^^^^^^^^^^^^
generate_qa_env.rb:91:51: C: Layout/LineLength: Line is too long. [82/50]
                (user_id, campus_id, yh_role_id, timezone, created_at, updated_at)
                                                  ^^^^^^^^^^^^^^^^^^^^^^^^^^^^^^^^
generate_qa_env.rb:93:51: C: Layout/LineLength: Line is too long. [89/50]
                  users.id, campuses.id, 6, 'Monrovia', now(), now() from users, campuses
                                                  ^^^^^^^^^^^^^^^^^^^^^^^^^^^^^^^^^^^^^^^
generate_qa_env.rb:94:51: C: Layout/LineLength: Line is too long. [93/50]
                    where users.corporation_id = #{corp['id']} and code = '#{campus_upper}');
                                                  ^^^^^^^^^^^^^^^^^^^^^^^^^^^^^^^^^^^^^^^^^^^
generate_qa_env.rb:97:5: W: [Correctable] Lint/UselessAssignment: Useless assignment to variable - res.
    res = conn.exec( sql )
    ^^^
generate_qa_env.rb:97:21: C: [Correctable] Layout/SpaceInsideParens: Space inside parentheses detected.
    res = conn.exec( sql )
                    ^
generate_qa_env.rb:97:25: C: [Correctable] Layout/SpaceInsideParens: Space inside parentheses detected.
    res = conn.exec( sql )
                        ^
generate_qa_env.rb:102:27: C: [Correctable] Style/WhileUntilDo: Do not use do with multi-line while.
    while tf_done != true do
                          ^^
generate_qa_env.rb:109:51: C: [Correctable] Layout/LineLength: Line is too long. [86/50]
    create_db = "create database -T #{template_db} yms_#{campus_lower.gsub(/-/, '_')}"
                                                  ^^^^^^^^^^^^^^^^^^^^^^^^^^^^^^^^^^^^
generate_qa_env.rb:110:9: C: [Correctable] Layout/SpaceAroundOperators: Operator = should be surrounded by a single space.
    cmd =  "psql -U pinc -h #{db_host} postgres -c '#{create_db}'"
        ^
generate_qa_env.rb:110:10: C: [Correctable] Layout/ExtraSpacing: Unnecessary spacing detected.
    cmd =  "psql -U pinc -h #{db_host} postgres -c '#{create_db}'"
         ^
generate_qa_env.rb:110:51: C: Layout/LineLength: Line is too long. [66/50]
    cmd =  "psql -U pinc -h #{db_host} postgres -c '#{create_db}'"
                                                  ^^^^^^^^^^^^^^^^
generate_qa_env.rb:111:10: C: [Correctable] Style/StringLiterals: Prefer single-quoted strings when you don't need string interpolation or special symbols.
    puts "run this command to create the database:"
         ^^^^^^^^^^^^^^^^^^^^^^^^^^^^^^^^^^^^^^^^^^
generate_qa_env.rb:111:51: C: Layout/LineLength: Line is too long. [51/50]
    puts "run this command to create the database:"
                                                  ^
generate_qa_env.rb:116:10: C: [Correctable] Style/StringLiterals: Prefer single-quoted strings when you don't need string interpolation or special symbols.
    puts "Creating terraform file for things we need to stand up the YMS"
         ^^^^^^^^^^^^^^^^^^^^^^^^^^^^^^^^^^^^^^^^^^^^^^^^^^^^^^^^^^^^^^^^
generate_qa_env.rb:116:51: C: Layout/LineLength: Line is too long. [73/50]
    puts "Creating terraform file for things we need to stand up the YMS"
                                                  ^^^^^^^^^^^^^^^^^^^^^^^
generate_qa_env.rb:121:51: C: [Correctable] Layout/LineLength: Line is too long. [76/50]
      template = ERB.new File.read("templates/#{config_name}.erb"), nil, "%"
                                                  ^^^^^^^^^^^^^^^^^^^^^^^^^^
generate_qa_env.rb:121:69: W: [Correctable] Lint/ErbNewArguments: Passing safe_level with the 2nd argument of ERB.new is deprecated. Do not use it, and specify other arguments as keyword arguments.
      template = ERB.new File.read("templates/#{config_name}.erb"), nil, "%"
                                                                    ^^^
generate_qa_env.rb:121:74: W: [Correctable] Lint/ErbNewArguments: Passing trim_mode with the 3rd argument of ERB.new is deprecated. Use keyword argument like ERB.new(str, trim_mode: "%") instead.
      template = ERB.new File.read("templates/#{config_name}.erb"), nil, "%"
                                                                         ^^^
generate_qa_env.rb:121:74: C: [Correctable] Style/StringLiterals: Prefer single-quoted strings when you don't need string interpolation or special symbols.
      template = ERB.new File.read("templates/#{config_name}.erb"), nil, "%"
                                                                         ^^^
generate_qa_env.rb:123:51: C: [Correctable] Layout/LineLength: Line is too long. [52/50]
      File.write("infrastructure/#{file_name}", res)
                                                  ^^
generate_qa_env.rb:126:51: C: Layout/LineLength: Line is too long. [63/50]
    puts "Review file #{file_name}, and run 'terraform apply'."
                                                  ^^^^^^^^^^^^^
generate_qa_env.rb:130:51: C: Layout/LineLength: Line is too long. [51/50]
    FileUtils.mkdir_p "deploys/yms-#{campus_lower}"
                                                  ^
generate_qa_env.rb:133:3: C: Metrics/MethodLength: Method has too many lines. [11/10]
  def create_dns_routes ...
  ^^^^^^^^^^^^^^^^^^^^^
generate_qa_env.rb:138:51: C: [Correctable] Layout/LineLength: Line is too long. [82/50]
      template = ERB.new File.read("templates/dns/#{manifest_name}.erb"), nil, "%"
                                                  ^^^^^^^^^^^^^^^^^^^^^^^^^^^^^^^^
generate_qa_env.rb:138:75: W: [Correctable] Lint/ErbNewArguments: Passing safe_level with the 2nd argument of ERB.new is deprecated. Do not use it, and specify other arguments as keyword arguments.
      template = ERB.new File.read("templates/dns/#{manifest_name}.erb"), nil, "%"
                                                                          ^^^
generate_qa_env.rb:138:80: W: [Correctable] Lint/ErbNewArguments: Passing trim_mode with the 3rd argument of ERB.new is deprecated. Use keyword argument like ERB.new(str, trim_mode: "%") instead.
      template = ERB.new File.read("templates/dns/#{manifest_name}.erb"), nil, "%"
                                                                               ^^^
generate_qa_env.rb:138:80: C: [Correctable] Style/StringLiterals: Prefer single-quoted strings when you don't need string interpolation or special symbols.
      template = ERB.new File.read("templates/dns/#{manifest_name}.erb"), nil, "%"
                                                                               ^^^
generate_qa_env.rb:140:51: C: [Correctable] Layout/LineLength: Line is too long. [58/50]
      File.write("cname_upsert_#{campus_lower}.json", res)
                                                  ^^^^^^^^
generate_qa_env.rb:142:51: C: Layout/LineLength: Line is too long. [139/50]
    cmd = "aws route53 change-resource-record-sets --hosted-zone-id Z18VLYZVAE1LIJ --change-batch file://cname_upsert_#{campus_lower}.json"
                                                  ^^^^^^^^^^^^^^^^^^^^^^^^^^^^^^^^^^^^^^^^^^^^^^^^^^^^^^^^^^^^^^^^^^^^^^^^^^^^^^^^^^^^^^^^^
generate_qa_env.rb:143:10: C: [Correctable] Style/StringLiterals: Prefer single-quoted strings when you don't need string interpolation or special symbols.
    puts "If you have your AWS keys/region set, you can run this command to set the AWS Route53 routes"
         ^^^^^^^^^^^^^^^^^^^^^^^^^^^^^^^^^^^^^^^^^^^^^^^^^^^^^^^^^^^^^^^^^^^^^^^^^^^^^^^^^^^^^^^^^^^^^^
generate_qa_env.rb:143:51: C: Layout/LineLength: Line is too long. [103/50]
    puts "If you have your AWS keys/region set, you can run this command to set the AWS Route53 routes"
                                                  ^^^^^^^^^^^^^^^^^^^^^^^^^^^^^^^^^^^^^^^^^^^^^^^^^^^^^
generate_qa_env.rb:146:1: C: [Correctable] Layout/EmptyLinesAroundClassBody: Extra empty line detected at class body end.
generate_qa_env.rb:149:1: W: [Correctable] Lint/UselessAssignment: Useless assignment to variable - url_postfix.
url_postfix = 'masterk'
^^^^^^^^^^^
generate_qa_env.rb:150:1: W: [Correctable] Lint/UselessAssignment: Useless assignment to variable - prompt.
prompt = TTY::Prompt.new
^^^^^^
generate_qa_env.rb:154:1: W: [Correctable] Lint/UselessAssignment: Useless assignment to variable - branch_name.
branch_name = campus_creator.get_yms_branch_name
^^^^^^^^^^^
generate_qa_env.rb:155:1: W: [Correctable] Lint/UselessAssignment: Useless assignment to variable - db_template_to_use.
db_template_to_use = campus_creator.get_template_name
^^^^^^^^^^^^^^^^^^
generate_qa_env.rb:155:51: C: Layout/LineLength: Line is too long. [53/50]
db_template_to_use = campus_creator.get_template_name
                                                  ^^^
generate_qa_env.rb:157:1: W: [Correctable] Lint/UselessAssignment: Useless assignment to variable - user_type.
user_type = campus_creator.get_user_type_name
^^^^^^^^^
generate_qa_env.rb:160:1: W: [Correctable] Lint/UselessAssignment: Useless assignment to variable - partial_campus_code.
partial_campus_code = campus_creator.generate_new_campus_code
^^^^^^^^^^^^^^^^^^^
generate_qa_env.rb:160:51: C: Layout/LineLength: Line is too long. [61/50]
partial_campus_code = campus_creator.generate_new_campus_code
                                                  ^^^^^^^^^^^
generate_qa_env.rb:161:51: C: Layout/LineLength: Line is too long. [100/50]
puts "Full campus code (upper/lower): #{campus_creator.campus_upper}/#{campus_creator.campus_lower}"
                                                  ^^^^^^^^^^^^^^^^^^^^^^^^^^^^^^^^^^^^^^^^^^^^^^^^^^
generate_qa_env.rb:165:32: C: [Correctable] Style/StringLiterals: Prefer single-quoted strings when you don't need string interpolation or special symbols.
campus_creator.done_with_step? "have you created the database ok?"
                               ^^^^^^^^^^^^^^^^^^^^^^^^^^^^^^^^^^^
generate_qa_env.rb:165:51: C: Layout/LineLength: Line is too long. [66/50]
campus_creator.done_with_step? "have you created the database ok?"
                                                  ^^^^^^^^^^^^^^^^
generate_qa_env.rb:168:1: C: [Correctable] Layout/LeadingCommentSpace: Missing space after #.
#campus_creator.create_terraform_file
^^^^^^^^^^^^^^^^^^^^^^^^^^^^^^^^^^^^^
generate_qa_env.rb:171:51: C: Layout/LineLength: Line is too long. [85/50]
# campus_creator.done_with_step? "have you finished running terraform and it ran ok?"
                                                  ^^^^^^^^^^^^^^^^^^^^^^^^^^^^^^^^^^^
generate_qa_env.rb:173:1: C: [Correctable] Layout/EmptyLines: Extra blank line detected.
generate_qa_env.rb:175:51: C: Layout/LineLength: Line is too long. [58/50]
# puts "Created a helm chart for new yms. Running it now."
                                                  ^^^^^^^^
generate_qa_env.rb:176:32: C: [Correctable] Style/StringLiterals: Prefer single-quoted strings when you don't need string interpolation or special symbols.
campus_creator.done_with_step? "I ran the helm deploy. Do want to check the pods?"
                               ^^^^^^^^^^^^^^^^^^^^^^^^^^^^^^^^^^^^^^^^^^^^^^^^^^^
generate_qa_env.rb:176:51: C: Layout/LineLength: Line is too long. [82/50]
campus_creator.done_with_step? "I ran the helm deploy. Do want to check the pods?"
                                                  ^^^^^^^^^^^^^^^^^^^^^^^^^^^^^^^^
generate_qa_env.rb:187:51: C: Layout/LineLength: Line is too long. [111/50]
# puts "Default data has default site code - you need to set it to the correct one for your YMS. Run this SQL:"
                                                  ^^^^^^^^^^^^^^^^^^^^^^^^^^^^^^^^^^^^^^^^^^^^^^^^^^^^^^^^^^^^^
generate_qa_env.rb:188:51: C: Layout/LineLength: Line is too long. [113/50]
# puts "    psql -U pinc -h dw-db.cwisbi42xice.eu-central-1.rds.amazonaws.com yms_#{campus_lower.gsub(/-/, '_')}"
                                                  ^^^^^^^^^^^^^^^^^^^^^^^^^^^^^^^^^^^^^^^^^^^^^^^^^^^^^^^^^^^^^^^
generate_qa_env.rb:189:51: C: Layout/LineLength: Line is too long. [58/50]
# puts "    update sites set code = '#{campus_upper}YRD';"
                                                  ^^^^^^^^
generate_qa_env.rb:190:51: C: Layout/LineLength: Line is too long. [74/50]
# campus_creator.done_with_step? "have you updated the default site code?"
                                                  ^^^^^^^^^^^^^^^^^^^^^^^^
generate_qa_env.rb:192:51: C: Layout/LineLength: Line is too long. [54/50]
# puts "Now that the site code is fixed, you can run:"
                                                  ^^^^
generate_qa_env.rb:193:51: C: Layout/LineLength: Line is too long. [74/50]
# puts "   - yms-resque-schedules: tell resque what needs to be scheduled"
                                                  ^^^^^^^^^^^^^^^^^^^^^^^^
generate_qa_env.rb:195:51: C: Layout/LineLength: Line is too long. [66/50]
# campus_creator.done_with_step? "have you completed the deploys?"
                                                  ^^^^^^^^^^^^^^^^

2 files inspected, 119 offenses detected, 75 offenses autocorrectable
